rm -f results.xml
/Applications/Xcode.app/Contents/Developer/usr/bin/make -f makefile results.xml
verilator -cc --exe -Mdir sim_build -DCOCOTB_SIM=1 --top-module tb --vpi --public-flat-rw --prefix Vtop -o Vtop -LDFLAGS "-Wl,-rpath,/Library/Frameworks/Python.framework/Versions/3.11/lib/python3.11/site-packages/cocotb/libs -L/Library/Frameworks/Python.framework/Versions/3.11/lib/python3.11/site-packages/cocotb/libs -lcocotbvpi_verilator" --trace-fst --trace-structs --timescale 1ns/1ps /Users/benallen/Documents/git_repos/HDL/hdl_components/verification/tb/memories/apb3_to_sram/cocotb/tb.sv /Users/benallen/Documents/git_repos/HDL/hdl_components/logical/memories/apb_to_sram/*.sv /Users/benallen/Documents/git_repos/HDL/hdl_components/logical/memories/sp_ram.sv /Library/Frameworks/Python.framework/Versions/3.11/lib/python3.11/site-packages/cocotb/share/lib/verilator/verilator.cpp
- V e r i l a t i o n   R e p o r t: Verilator 5.024 2024-04-05 rev UNKNOWN.REV
- Verilator: Built from 0.069 MB sources in 5 modules, into 0.090 MB in 11 C++ files needing 0.000 MB
- Verilator: Walltime 0.013 s (elab=0.001, cvt=0.006, bld=0.000); cpu 0.000 s on 1 threads
/Applications/Xcode.app/Contents/Developer/usr/bin/make -C sim_build  -f Vtop.mk
c++  -I.  -MMD -I/opt/homebrew/Cellar/verilator/5.024/share/verilator/include -I/opt/homebrew/Cellar/verilator/5.024/share/verilator/include/vltstd -DVM_COVERAGE=0 -DVM_SC=0 -DVM_TRACE=1 -DVM_TRACE_FST=1 -DVM_TRACE_VCD=0 -faligned-new -fbracket-depth=4096 -fcf-protection=none -Qunused-arguments -Wno-bool-operation -Wno-c++11-narrowing -Wno-constant-logical-operand -Wno-non-pod-varargs -Wno-parentheses-equality -Wno-shadow -Wno-sign-compare -Wno-tautological-bitwise-compare -Wno-tautological-compare -Wno-uninitialized -Wno-unused-but-set-parameter -Wno-unused-but-set-variable -Wno-unused-parameter -Wno-unused-variable     -std=gnu++17 -Os -c -o verilator.o /Library/Frameworks/Python.framework/Versions/3.11/lib/python3.11/site-packages/cocotb/share/lib/verilator/verilator.cpp
c++ -Os  -I.  -MMD -I/opt/homebrew/Cellar/verilator/5.024/share/verilator/include -I/opt/homebrew/Cellar/verilator/5.024/share/verilator/include/vltstd -DVM_COVERAGE=0 -DVM_SC=0 -DVM_TRACE=1 -DVM_TRACE_FST=1 -DVM_TRACE_VCD=0 -faligned-new -fbracket-depth=4096 -fcf-protection=none -Qunused-arguments -Wno-bool-operation -Wno-c++11-narrowing -Wno-constant-logical-operand -Wno-non-pod-varargs -Wno-parentheses-equality -Wno-shadow -Wno-sign-compare -Wno-tautological-bitwise-compare -Wno-tautological-compare -Wno-uninitialized -Wno-unused-but-set-parameter -Wno-unused-but-set-variable -Wno-unused-parameter -Wno-unused-variable     -std=gnu++17 -c -o verilated.o /opt/homebrew/Cellar/verilator/5.024/share/verilator/include/verilated.cpp
c++ -Os  -I.  -MMD -I/opt/homebrew/Cellar/verilator/5.024/share/verilator/include -I/opt/homebrew/Cellar/verilator/5.024/share/verilator/include/vltstd -DVM_COVERAGE=0 -DVM_SC=0 -DVM_TRACE=1 -DVM_TRACE_FST=1 -DVM_TRACE_VCD=0 -faligned-new -fbracket-depth=4096 -fcf-protection=none -Qunused-arguments -Wno-bool-operation -Wno-c++11-narrowing -Wno-constant-logical-operand -Wno-non-pod-varargs -Wno-parentheses-equality -Wno-shadow -Wno-sign-compare -Wno-tautological-bitwise-compare -Wno-tautological-compare -Wno-uninitialized -Wno-unused-but-set-parameter -Wno-unused-but-set-variable -Wno-unused-parameter -Wno-unused-variable     -std=gnu++17 -c -o verilated_dpi.o /opt/homebrew/Cellar/verilator/5.024/share/verilator/include/verilated_dpi.cpp
c++ -Os  -I.  -MMD -I/opt/homebrew/Cellar/verilator/5.024/share/verilator/include -I/opt/homebrew/Cellar/verilator/5.024/share/verilator/include/vltstd -DVM_COVERAGE=0 -DVM_SC=0 -DVM_TRACE=1 -DVM_TRACE_FST=1 -DVM_TRACE_VCD=0 -faligned-new -fbracket-depth=4096 -fcf-protection=none -Qunused-arguments -Wno-bool-operation -Wno-c++11-narrowing -Wno-constant-logical-operand -Wno-non-pod-varargs -Wno-parentheses-equality -Wno-shadow -Wno-sign-compare -Wno-tautological-bitwise-compare -Wno-tautological-compare -Wno-uninitialized -Wno-unused-but-set-parameter -Wno-unused-but-set-variable -Wno-unused-parameter -Wno-unused-variable     -std=gnu++17 -c -o verilated_vpi.o /opt/homebrew/Cellar/verilator/5.024/share/verilator/include/verilated_vpi.cpp
c++ -Os  -I.  -MMD -I/opt/homebrew/Cellar/verilator/5.024/share/verilator/include -I/opt/homebrew/Cellar/verilator/5.024/share/verilator/include/vltstd -DVM_COVERAGE=0 -DVM_SC=0 -DVM_TRACE=1 -DVM_TRACE_FST=1 -DVM_TRACE_VCD=0 -faligned-new -fbracket-depth=4096 -fcf-protection=none -Qunused-arguments -Wno-bool-operation -Wno-c++11-narrowing -Wno-constant-logical-operand -Wno-non-pod-varargs -Wno-parentheses-equality -Wno-shadow -Wno-sign-compare -Wno-tautological-bitwise-compare -Wno-tautological-compare -Wno-uninitialized -Wno-unused-but-set-parameter -Wno-unused-but-set-variable -Wno-unused-parameter -Wno-unused-variable     -std=gnu++17 -c -o verilated_fst_c.o /opt/homebrew/Cellar/verilator/5.024/share/verilator/include/verilated_fst_c.cpp
c++ -Os  -I.  -MMD -I/opt/homebrew/Cellar/verilator/5.024/share/verilator/include -I/opt/homebrew/Cellar/verilator/5.024/share/verilator/include/vltstd -DVM_COVERAGE=0 -DVM_SC=0 -DVM_TRACE=1 -DVM_TRACE_FST=1 -DVM_TRACE_VCD=0 -faligned-new -fbracket-depth=4096 -fcf-protection=none -Qunused-arguments -Wno-bool-operation -Wno-c++11-narrowing -Wno-constant-logical-operand -Wno-non-pod-varargs -Wno-parentheses-equality -Wno-shadow -Wno-sign-compare -Wno-tautological-bitwise-compare -Wno-tautological-compare -Wno-uninitialized -Wno-unused-but-set-parameter -Wno-unused-but-set-variable -Wno-unused-parameter -Wno-unused-variable     -std=gnu++17 -c -o verilated_threads.o /opt/homebrew/Cellar/verilator/5.024/share/verilator/include/verilated_threads.cpp
python3 /opt/homebrew/Cellar/verilator/5.024/share/verilator/bin/verilator_includer -DVL_INCLUDE_OPT=include Vtop.cpp Vtop___024root__DepSet_h4b98a05d__0.cpp Vtop___024root__DepSet_h6944321b__0.cpp Vtop__Dpi.cpp Vtop__Trace__0.cpp Vtop___024root__Slow.cpp Vtop___024root__DepSet_h4b98a05d__0__Slow.cpp Vtop___024root__DepSet_h6944321b__0__Slow.cpp Vtop__Syms.cpp Vtop__Trace__0__Slow.cpp Vtop__TraceDecls__0__Slow.cpp > Vtop__ALL.cpp
c++ -Os  -I.  -MMD -I/opt/homebrew/Cellar/verilator/5.024/share/verilator/include -I/opt/homebrew/Cellar/verilator/5.024/share/verilator/include/vltstd -DVM_COVERAGE=0 -DVM_SC=0 -DVM_TRACE=1 -DVM_TRACE_FST=1 -DVM_TRACE_VCD=0 -faligned-new -fbracket-depth=4096 -fcf-protection=none -Qunused-arguments -Wno-bool-operation -Wno-c++11-narrowing -Wno-constant-logical-operand -Wno-non-pod-varargs -Wno-parentheses-equality -Wno-shadow -Wno-sign-compare -Wno-tautological-bitwise-compare -Wno-tautological-compare -Wno-uninitialized -Wno-unused-but-set-parameter -Wno-unused-but-set-variable -Wno-unused-parameter -Wno-unused-variable     -std=gnu++17 -c -o Vtop__ALL.o Vtop__ALL.cpp
echo "" > Vtop__ALL.verilator_deplist.tmp
Archive ar -rcs Vtop__ALL.a Vtop__ALL.o
c++  -Wl,-U,__Z15vl_time_stamp64v,-U,__Z13sc_time_stampv   verilator.o verilated.o verilated_dpi.o verilated_vpi.o verilated_fst_c.o verilated_threads.o Vtop__ALL.a   -Wl,-rpath,/Library/Frameworks/Python.framework/Versions/3.11/lib/python3.11/site-packages/cocotb/libs -L/Library/Frameworks/Python.framework/Versions/3.11/lib/python3.11/site-packages/cocotb/libs -lcocotbvpi_verilator -lz  -pthread -lpthread   -o Vtop
rm Vtop__ALL.verilator_deplist.tmp
rm -f results.xml
MODULE=tb TESTCASE= TOPLEVEL=tb TOPLEVEL_LANG=verilog \
         sim_build/Vtop 
     -.--ns INFO     gpi                                ..mbed/gpi_embed.cpp:78   in set_program_name_in_venv        Did not detect Python virtual environment. Using system-wide Python interpreter
     -.--ns INFO     gpi                                ../gpi/GpiCommon.cpp:101  in gpi_print_registered_impl       VPI registered
     0.00ns INFO     cocotb                             Running on Verilator version 5.024 2024-04-05
     0.00ns INFO     cocotb                             Running tests with cocotb v1.8.1 from /Library/Frameworks/Python.framework/Versions/3.11/lib/python3.11/site-packages/cocotb
     0.00ns INFO     cocotb                             Seeding Python random module with 1720341078
     0.00ns INFO     cocotb.regression                  Found test tb.single_rw
     0.00ns INFO     cocotb.regression                  running single_rw (1/1)
     0.00ns INFO     cocotb.regression                  single_rw failed
                                                        Traceback (most recent call last):
                                                          File "/Users/benallen/Documents/git_repos/HDL/hdl_components/verification/tb/memories/apb3_to_sram/cocotb/tb.py", line 62, in single_rw
                                                            apb_m = APB(dut, APB_BUS_PREFIX, dut.CLK, name = "apb_m")
                                                                    ^^^^^^^^^^^^^^^^^^^^^^^^^^^^^^^^^^^^^^^^^^^^^^^^^
                                                        TypeError: APB.__init__() got multiple values for argument 'name'
     0.00ns INFO     cocotb.regression                  **************************************************************************************
                                                        ** TEST                          STATUS  SIM TIME (ns)  REAL TIME (s)  RATIO (ns/s) **
                                                        **************************************************************************************
                                                        ** tb.single_rw                   FAIL           0.00           0.00          0.80  **
                                                        **************************************************************************************
                                                        ** TESTS=1 PASS=0 FAIL=1 SKIP=0                  0.00           0.05          0.02  **
                                                        **************************************************************************************
                                                        
- :0: Verilog $finish
